<?xml version="1.0" encoding="UTF-8"?>
<!-- Generated by org.testng.reporters.JUnitReportReporter -->
<testsuite skipped="0" hostname="DESKTOP-B6VV5S6" name="com.nopCommerceV2.testCases.TC_AddCusomerTest_003" tests="1" failures="0" timestamp="06 Apr 2022 14:58:29 GMT" time="46.020" errors="0">
  <testcase name="addNewCustomer" time="46.020" classname="com.nopCommerceV2.testCases.TC_AddCusomerTest_003"/>
</testsuite> <!-- com.nopCommerceV2.testCases.TC_AddCusomerTest_003 -->
