<?xml version="1.0" encoding="UTF-8"?>
<!-- Generated by org.testng.reporters.JUnitReportReporter -->
<testsuite skipped="0" hostname="DESKTOP-B6VV5S6" name="com.nopCommerceV2.testCases.TC_LoginTest_001" tests="1" failures="0" timestamp="06 Apr 2022 16:47:14 GMT" time="13.406" errors="0">
  <testcase name="loginTest" time="13.406" classname="com.nopCommerceV2.testCases.TC_LoginTest_001"/>
</testsuite> <!-- com.nopCommerceV2.testCases.TC_LoginTest_001 -->
